[08/18/2022 15:37:15] Debug: Session id: 1f677304-f3f3-4dd7-9a4b-e2b6a140d449
[08/18/2022 15:37:15] Debug: Code Processor information: Name :SnowConvert, Version: 7.11.83.0
[08/18/2022 15:37:16] Debug: Getting license
[08/18/2022 15:37:16] Debug: License information
	Status: Failed
	Message: No active license available.
[08/18/2022 15:37:16] Info: Starting to validate parameters
[08/18/2022 15:37:16] Info: Parameters to validate: 
	Execution mode: Conversion
	LICENSE_KEY: a3372138-b87e-4a08-b929-3b48b24c63f1
[08/18/2022 15:37:16] Info: Validation of parameters: Success
[08/18/2022 15:37:16] Debug: Getting code descriptor
[08/18/2022 15:37:16] Debug: Code descriptor information
	Units: 51
	Units type: LOC
	All file bytes: 2141
	All found extensions: .sql,.dml,.ddl,.bteq,.btq,.fl,.fload,.ml,.mload,.mld,.tp,.tpump,.tpt
[08/18/2022 15:37:16] Debug: Calculating fingerprint
[08/18/2022 15:37:16] Debug: Fingerprint information Fingerprint(size=2141,projects=1)
[08/18/2022 15:37:16] Info: Starting to try to validate online license for execution
[08/18/2022 15:37:17] Debug: Getting license
[08/18/2022 15:37:17] Debug: License information
	Status: Failed
	Message: No active license available.
[08/18/2022 15:37:17] Debug: Starting the execution of the controller
[08/18/2022 15:37:18] Debug: Executing the worker: SnowConvert
[08/18/2022 15:37:30] Debug: Finished executing the worker: SnowConvert
[08/18/2022 15:37:32] Info: Controller execution ended
